2026.02.16 08:52:32 WARN  Using H2 2.4.240 which is newer than the version Flyway has been verified with. The latest verified version of H2 is 2.3.232.
2026.02.16 08:52:32 INFO  no build target found for C:\Users\T470\Desktop\Digital-Transformation\Back\Admin\src\main\java\com\stage\admin\services\EmployeService.java. Using fallback presentation compiler.
févr. 16, 2026 8:52:34 AM org.eclipse.lsp4j.jsonrpc.RemoteEndpoint handleCancellation
WARNING: Unmatched cancel notification for request id 1
2026.02.16 08:52:35 INFO  no build target found for C:\Users\T470\Desktop\Digital-Transformation\Back\Admin\src\main\java\com\stage\admin\services\EmployeService.java. Using fallback presentation compiler.
2026.02.16 08:52:35 INFO  no build target found for C:\Users\T470\Desktop\Digital-Transformation\Back\Admin\src\main\java\com\stage\admin\controllers\EmployeController.java. Using fallback presentation compiler.
2026.02.16 08:52:39 INFO  no build target found for C:\Users\T470\Desktop\Digital-Transformation\Back\Admin\src\main\java\com\stage\admin\controllers\EmployeController.java. Using fallback presentation compiler.
2026.02.16 08:52:40 INFO  no build target found for C:\Users\T470\Desktop\Digital-Transformation\Back\Admin\src\main\java\com\stage\admin\controllers\EmployeController.java. Using fallback presentation compiler.
févr. 16, 2026 8:52:46 AM org.eclipse.lsp4j.jsonrpc.RemoteEndpoint handleCancellation
WARNING: Unmatched cancel notification for request id 7
2026.02.16 08:52:46 INFO  no build target found for C:\Users\T470\Desktop\Digital-Transformation\Back\Admin\src\main\java\com\stage\admin\controllers\EmployeController.java. Using fallback presentation compiler.
févr. 16, 2026 8:52:55 AM org.eclipse.lsp4j.jsonrpc.RemoteEndpoint handleCancellation
WARNING: Unmatched cancel notification for request id 13
févr. 16, 2026 8:52:55 AM org.eclipse.lsp4j.jsonrpc.RemoteEndpoint handleCancellation
WARNING: Unmatched cancel notification for request id 14
2026.02.16 08:52:55 INFO  no build target found for C:\Users\T470\Desktop\Digital-Transformation\Back\Admin\src\main\java\com\stage\admin\controllers\EmployeController.java. Using fallback presentation compiler.
févr. 16, 2026 8:52:56 AM org.eclipse.lsp4j.jsonrpc.RemoteEndpoint handleCancellation
WARNING: Unmatched cancel notification for request id 16
2026.02.16 08:53:11 WARN  no build tool detected in workspace 'C:\Users\T470\Desktop\Digital-Transformation'. The most common cause for this problem is that the editor was opened in the wrong working directory, for example if you use sbt then the workspace directory should contain build.sbt. 
2026.02.16 08:53:11 WARN  Build server is not auto-connectable.
2026.02.16 08:53:11 WARN  no build target for: C:\Users\T470\Desktop\Digital-Transformation\Back\Admin\src\main\java\com\stage\admin\controllers\EmployeController.java
2026.02.16 08:53:11 WARN  no build target for: C:\Users\T470\Desktop\Digital-Transformation\Back\Admin\src\main\java\com\stage\admin\entities\Employe.java
2026.02.16 08:53:11 WARN  no build target for: C:\Users\T470\Desktop\Digital-Transformation\Back\Admin\src\main\java\com\stage\admin\services\EmployeService.java
2026.02.16 08:53:13 INFO  time: code lens generation in 2.38s
2026.02.16 08:53:13 INFO  time: code lens generation in 2.39s
2026.02.16 08:53:25 INFO  no build target found for C:\Users\T470\Desktop\Digital-Transformation\Back\Admin\src\main\java\com\stage\admin\controllers\EmployeController.java. Using fallback presentation compiler.
2026.02.16 08:53:25 INFO  no build target found for C:\Users\T470\Desktop\Digital-Transformation\Back\Admin\src\main\java\com\stage\admin\controllers\EmployeController.java. Using fallback presentation compiler.
2026.02.16 08:53:27 INFO  no build target found for C:\Users\T470\Desktop\Digital-Transformation\Back\Admin\src\main\java\com\stage\admin\controllers\EmployeController.java. Using fallback presentation compiler.
févr. 16, 2026 8:53:28 AM org.eclipse.lsp4j.jsonrpc.RemoteEndpoint handleCancellation
WARNING: Unmatched cancel notification for request id 23
2026.02.16 08:53:29 INFO  no build target found for C:\Users\T470\Desktop\Digital-Transformation\Back\Admin\src\main\java\com\stage\admin\controllers\EmployeController.java. Using fallback presentation compiler.
2026.02.16 08:53:39 INFO  no build target found for C:\Users\T470\Desktop\Digital-Transformation\Back\Admin\src\main\java\com\stage\admin\controllers\EmployeController.java. Using fallback presentation compiler.
2026.02.16 08:54:16 INFO  no build target found for C:\Users\T470\Desktop\Digital-Transformation\Back\Admin\src\main\java\com\stage\admin\controllers\EmployeController.java. Using fallback presentation compiler.
2026.02.16 08:54:16 INFO  no build target found for C:\Users\T470\Desktop\Digital-Transformation\Back\Admin\src\main\java\com\stage\admin\controllers\EmployeController.java. Using fallback presentation compiler.
2026.02.16 08:54:18 INFO  no build target found for C:\Users\T470\Desktop\Digital-Transformation\Back\Admin\src\main\java\com\stage\admin\controllers\EmployeController.java. Using fallback presentation compiler.
2026.02.16 08:57:33 INFO  no build target found for C:\Users\T470\Desktop\Digital-Transformation\Back\Admin\src\main\java\com\stage\admin\controllers\EmployeController.java. Using fallback presentation compiler.
févr. 16, 2026 8:57:48 AM org.eclipse.lsp4j.jsonrpc.services.GenericEndpoint notify
INFO: Unsupported notification method: $/setTrace
2026.02.16 09:13:48 INFO  no build target found for C:\Users\T470\Desktop\Digital-Transformation\Back\Admin\src\main\java\com\stage\admin\controllers\EmployeController.java. Using fallback presentation compiler.
2026.02.16 10:05:14 INFO  no build target found for C:\Users\T470\Desktop\Digital-Transformation\Back\Admin\src\main\java\com\stage\admin\entities\Employe.java. Using fallback presentation compiler.
2026.02.16 10:05:16 WARN  no build target for: C:\Users\T470\Desktop\Digital-Transformation\Back\Admin\src\main\java\com\stage\admin\entities\Employe.java
2026.02.16 10:05:17 INFO  no build target found for C:\Users\T470\Desktop\Digital-Transformation\Back\Admin\src\main\java\com\stage\admin\entities\Employe.java. Using fallback presentation compiler.
2026.02.16 10:05:18 INFO  no build target found for C:\Users\T470\Desktop\Digital-Transformation\Back\Admin\src\main\java\com\stage\admin\entities\Employe.java. Using fallback presentation compiler.
2026.02.16 10:05:20 INFO  no build target found for C:\Users\T470\Desktop\Digital-Transformation\Back\Admin\src\main\java\com\stage\admin\entities\Employe.java. Using fallback presentation compiler.
févr. 16, 2026 10:05:20 AM org.eclipse.lsp4j.jsonrpc.RemoteEndpoint handleCancellation
WARNING: Unmatched cancel notification for request id 46
2026.02.16 10:05:20 INFO  no build target found for C:\Users\T470\Desktop\Digital-Transformation\Back\Admin\src\main\java\com\stage\admin\entities\Employe.java. Using fallback presentation compiler.
2026.02.16 10:05:22 INFO  no build target found for C:\Users\T470\Desktop\Digital-Transformation\Back\Admin\src\main\java\com\stage\admin\entities\Employe.java. Using fallback presentation compiler.
2026.02.16 10:05:23 WARN  no build target for: C:\Users\T470\Desktop\Digital-Transformation\Back\Admin\src\main\java\com\stage\admin\entities\Employe.java
2026.02.16 10:05:23 INFO  no build target found for C:\Users\T470\Desktop\Digital-Transformation\Back\Admin\src\main\java\com\stage\admin\entities\Employe.java. Using fallback presentation compiler.
févr. 16, 2026 10:05:24 AM org.eclipse.lsp4j.jsonrpc.RemoteEndpoint handleCancellation
WARNING: Unmatched cancel notification for request id 48
févr. 16, 2026 10:05:25 AM org.eclipse.lsp4j.jsonrpc.RemoteEndpoint handleCancellation
WARNING: Unmatched cancel notification for request id 49
févr. 16, 2026 10:05:25 AM org.eclipse.lsp4j.jsonrpc.RemoteEndpoint handleCancellation
WARNING: Unmatched cancel notification for request id 47
févr. 16, 2026 10:05:25 AM org.eclipse.lsp4j.jsonrpc.RemoteEndpoint handleCancellation
WARNING: Unmatched cancel notification for request id 52
févr. 16, 2026 10:05:25 AM org.eclipse.lsp4j.jsonrpc.RemoteEndpoint handleCancellation
WARNING: Unmatched cancel notification for request id 51
2026.02.16 10:05:25 INFO  no build target found for C:\Users\T470\Desktop\Digital-Transformation\Back\Admin\src\main\java\com\stage\admin\entities\Employe.java. Using fallback presentation compiler.
2026.02.16 10:05:25 INFO  Created report: Optional[file:///C:/Users/T470/Desktop/Digital-Transformation/Back/Admin/src/main/java/com/stage/admin/entities/Employe.java]
2026.02.16 10:05:25 INFO  empty definition using pc, found symbol in pc: jakarta/persistence/GenerationType# (full report at: "C:\Users\T470\Desktop\Digital-Transformation\.metals\.reports\metals-full\2026-02-16\r_empty-definition_10-05-25-269.md")
2026.02.16 10:05:41 INFO  no build target found for C:\Users\T470\Desktop\Digital-Transformation\Back\Admin\src\main\java\com\stage\admin\entities\Admin.java. Using fallback presentation compiler.
2026.02.16 10:05:41 WARN  no build target for: C:\Users\T470\Desktop\Digital-Transformation\Back\Admin\src\main\java\com\stage\admin\entities\Admin.java
2026.02.16 10:05:42 INFO  no build target found for C:\Users\T470\Desktop\Digital-Transformation\Back\Admin\src\main\java\com\stage\admin\entities\Admin.java. Using fallback presentation compiler.
2026.02.16 10:05:45 INFO  no build target found for C:\Users\T470\Desktop\Digital-Transformation\Back\Admin\src\main\java\com\stage\admin\entities\Admin.java. Using fallback presentation compiler.
2026.02.16 10:05:45 INFO  time: code lens generation in 3.12s
2026.02.16 10:05:45 INFO  time: code lens generation in 3.17s
2026.02.16 10:05:53 INFO  no build target found for C:\Users\T470\Desktop\Digital-Transformation\Back\Admin\src\main\java\com\stage\admin\entities\Admin.java. Using fallback presentation compiler.
2026.02.16 10:05:53 INFO  no build target found for C:\Users\T470\Desktop\Digital-Transformation\Back\Admin\src\main\java\com\stage\admin\controllers\AdminController.java. Using fallback presentation compiler.
2026.02.16 10:05:53 WARN  no build target for: C:\Users\T470\Desktop\Digital-Transformation\Back\Admin\src\main\java\com\stage\admin\controllers\AdminController.java
2026.02.16 10:05:55 INFO  no build target found for C:\Users\T470\Desktop\Digital-Transformation\Back\Admin\src\main\java\com\stage\admin\controllers\AdminController.java. Using fallback presentation compiler.
2026.02.16 10:05:59 INFO  no build target found for C:\Users\T470\Desktop\Digital-Transformation\Back\Admin\src\main\java\com\stage\admin\controllers\AdminController.java. Using fallback presentation compiler.
2026.02.16 10:09:24 INFO  no build target found for C:\Users\T470\Desktop\Digital-Transformation\Back\Admin\src\main\java\com\stage\admin\controllers\AdminController.java. Using fallback presentation compiler.
2026.02.16 10:14:56 INFO  no build target found for C:\Users\T470\Desktop\Digital-Transformation\Back\Admin\src\main\java\com\stage\admin\controllers\AdminController.java. Using fallback presentation compiler.
févr. 16, 2026 12:53:02 PM org.eclipse.lsp4j.jsonrpc.services.GenericEndpoint notify
INFO: Unsupported notification method: $/setTrace
févr. 16, 2026 12:54:47 PM org.eclipse.lsp4j.jsonrpc.services.GenericEndpoint notify
INFO: Unsupported notification method: $/setTrace
2026.02.16 18:10:06 INFO  Shutting down server
2026.02.16 18:10:06 INFO  Memory monitor stopped
2026.02.16 18:10:06 INFO  shutting down Metals
2026.02.16 18:10:06 INFO  Exiting server
